[0215/113256.496:ERROR:process_memory_win.cc(73)] ReadMemory at 0x7ff6c9120000 of 64 bytes failed: Only part of a ReadProcessMemory or WriteProcessMemory request was completed. (0x12B)
[0215/113256.497:WARNING:pe_image_reader.cc(340)] could not read dos header from C:\Program Files (x86)\Google\Chrome\Application\chrome.exe
[0215/113256.497:ERROR:process_memory_win.cc(73)] ReadMemory at 0x7ffbf40a0000 of 64 bytes failed: Only part of a ReadProcessMemory or WriteProcessMemory request was completed. (0x12B)
[0215/113256.497:WARNING:pe_image_reader.cc(340)] could not read dos header from C:\Windows\SYSTEM32\ntdll.dll
[0215/113256.497:ERROR:process_memory_win.cc(73)] ReadMemory at 0x7ffbf2a70000 of 64 bytes failed: Only part of a ReadProcessMemory or WriteProcessMemory request was completed. (0x12B)
[0215/113256.498:WARNING:pe_image_reader.cc(340)] could not read dos header from C:\Windows\System32\KERNEL32.DLL
[0215/113256.498:ERROR:process_memory_win.cc(73)] ReadMemory at 0x7ffbf11c0000 of 64 bytes failed: Only part of a ReadProcessMemory or WriteProcessMemory request was completed. (0x12B)
[0215/113256.498:WARNING:pe_image_reader.cc(340)] could not read dos header from C:\Windows\System32\KERNELBASE.dll
[0215/113256.498:ERROR:process_memory_win.cc(73)] ReadMemory at 0x7ffba2c50000 of 64 bytes failed: Only part of a ReadProcessMemory or WriteProcessMemory request was completed. (0x12B)
[0215/113256.498:WARNING:pe_image_reader.cc(340)] could not read dos header from C:\Program Files (x86)\Google\Chrome\Application\79.0.3945.130\chrome_elf.dll
[0215/113256.498:ERROR:process_memory_win.cc(73)] ReadMemory at 0x7ffbe8380000 of 64 bytes failed: Only part of a ReadProcessMemory or WriteProcessMemory request was completed. (0x12B)
[0215/113256.498:WARNING:pe_image_reader.cc(340)] could not read dos header from C:\Windows\SYSTEM32\VERSION.dll
[0215/113256.498:ERROR:process_memory_win.cc(73)] ReadMemory at 0x7ffbf29d0000 of 64 bytes failed: Only part of a ReadProcessMemory or WriteProcessMemory request was completed. (0x12B)
[0215/113256.498:WARNING:pe_image_reader.cc(340)] could not read dos header from C:\Windows\System32\msvcrt.dll
[0215/113256.498:ERROR:process_memory_win.cc(73)] ReadMemory at 0x7ffbf1510000 of 64 bytes failed: Only part of a ReadProcessMemory or WriteProcessMemory request was completed. (0x12B)
[0215/113256.498:WARNING:pe_image_reader.cc(340)] could not read dos header from C:\Windows\System32\bcryptPrimitives.dll
[0215/113256.498:ERROR:process_memory_win.cc(73)] ReadMemory at 0x7ffbf24c0000 of 64 bytes failed: Only part of a ReadProcessMemory or WriteProcessMemory request was completed. (0x12B)
[0215/113256.498:WARNING:pe_image_reader.cc(340)] could not read dos header from C:\Windows\System32\ADVAPI32.dll
[0215/113256.498:ERROR:process_memory_win.cc(73)] ReadMemory at 0x7ffbf3fc0000 of 64 bytes failed: Only part of a ReadProcessMemory or WriteProcessMemory request was completed. (0x12B)
[0215/113256.498:WARNING:pe_image_reader.cc(340)] could not read dos header from C:\Windows\System32\sechost.dll
[0215/113256.498:ERROR:process_memory_win.cc(73)] ReadMemory at 0x7ffbf3cf0000 of 64 bytes failed: Only part of a ReadProcessMemory or WriteProcessMemory request was completed. (0x12B)
[0215/113256.498:WARNING:pe_image_reader.cc(340)] could not read dos header from C:\Windows\System32\RPCRT4.dll
[0215/113256.498:ERROR:process_memory_win.cc(73)] ReadMemory at 0x7ffb92a10000 of 64 bytes failed: Only part of a ReadProcessMemory or WriteProcessMemory request was completed. (0x12B)
[0215/113256.498:WARNING:pe_image_reader.cc(340)] could not read dos header from C:\Program Files (x86)\Google\Chrome\Application\79.0.3945.130\chrome_child.dll
[0215/113256.498:ERROR:process_memory_win.cc(73)] ReadMemory at 0x7ffbf26f0000 of 64 bytes failed: Only part of a ReadProcessMemory or WriteProcessMemory request was completed. (0x12B)
[0215/113256.498:WARNING:pe_image_reader.cc(340)] could not read dos header from C:\Windows\System32\OLEAUT32.dll
[0215/113256.498:ERROR:process_memory_win.cc(73)] ReadMemory at 0x7ffbf1470000 of 64 bytes failed: Only part of a ReadProcessMemory or WriteProcessMemory request was completed. (0x12B)
[0215/113256.498:WARNING:pe_image_reader.cc(340)] could not read dos header from C:\Windows\System32\msvcp_win.dll
[0215/113256.498:ERROR:process_memory_win.cc(73)] ReadMemory at 0x7ffbf18d0000 of 64 bytes failed: Only part of a ReadProcessMemory or WriteProcessMemory request was completed. (0x12B)
[0215/113256.498:WARNING:pe_image_reader.cc(340)] could not read dos header from C:\Windows\System32\ucrtbase.dll
[0215/113256.498:ERROR:process_memory_win.cc(73)] ReadMemory at 0x7ffbf2180000 of 64 bytes failed: Only part of a ReadProcessMemory or WriteProcessMemory request was completed. (0x12B)
[0215/113256.498:WARNING:pe_image_reader.cc(340)] could not read dos header from C:\Windows\System32\combase.dll
[0215/113256.498:ERROR:process_memory_win.cc(73)] ReadMemory at 0x2d025560000 of 64 bytes failed: Only part of a ReadProcessMemory or WriteProcessMemory request was completed. (0x12B)
[0215/113256.498:WARNING:pe_image_reader.cc(340)] could not read dos header from C:\Windows\System32\WS2_32.dll
[0215/113256.499:ERROR:process_memory_win.cc(73)] ReadMemory at 0x7ffbf1030000 of 64 bytes failed: Only part of a ReadProcessMemory or WriteProcessMemory request was completed. (0x12B)
[0215/113256.499:WARNING:pe_image_reader.cc(340)] could not read dos header from C:\Windows\System32\WINTRUST.dll
[0215/113256.499:ERROR:process_memory_win.cc(73)] ReadMemory at 0x7ffbf0f80000 of 64 bytes failed: Only part of a ReadProcessMemory or WriteProcessMemory request was completed. (0x12B)
[0215/113256.499:WARNING:pe_image_reader.cc(340)] could not read dos header from C:\Windows\System32\MSASN1.dll
[0215/113256.499:ERROR:process_memory_win.cc(73)] ReadMemory at 0x7ffbf15b0000 of 64 bytes failed: Only part of a ReadProcessMemory or WriteProcessMemory request was completed. (0x12B)
[0215/113256.499:WARNING:pe_image_reader.cc(340)] could not read dos header from C:\Windows\System32\CRYPT32.dll
[0215/113256.499:ERROR:process_memory_win.cc(73)] ReadMemory at 0x7ffbf04f0000 of 64 bytes failed: Only part of a ReadProcessMemory or WriteProcessMemory request was completed. (0x12B)
[0215/113256.499:WARNING:pe_image_reader.cc(340)] could not read dos header from C:\Windows\SYSTEM32\IPHLPAPI.DLL
[0215/113256.499:ERROR:process_memory_win.cc(73)] ReadMemory at 0x7ffbe6690000 of 64 bytes failed: Only part of a ReadProcessMemory or WriteProcessMemory request was completed. (0x12B)
[0215/113256.499:WARNING:pe_image_reader.cc(340)] could not read dos header from C:\Windows\SYSTEM32\WINMM.dll
[0215/113256.499:ERROR:process_memory_win.cc(73)] ReadMemory at 0x7ffbf0e90000 of 64 bytes failed: Only part of a ReadProcessMemory or WriteProcessMemory request was completed. (0x12B)
[0215/113256.499:WARNING:pe_image_reader.cc(340)] could not read dos header from C:\Windows\SYSTEM32\USERENV.dll
[0215/113256.499:ERROR:process_memory_win.cc(73)] ReadMemory at 0x7ffbf0fc0000 of 64 bytes failed: Only part of a ReadProcessMemory or WriteProcessMemory request was completed. (0x12B)
[0215/113256.499:WARNING:pe_image_reader.cc(340)] could not read dos header from C:\Windows\System32\profapi.dll
[0215/113256.499:ERROR:process_memory_win.cc(73)] ReadMemory at 0x7ffbecce0000 of 64 bytes failed: Only part of a ReadProcessMemory or WriteProcessMemory request was completed. (0x12B)
[0215/113256.499:WARNING:pe_image_reader.cc(340)] could not read dos header from C:\Windows\SYSTEM32\DWrite.dll
[0215/113256.499:ERROR:process_memory_win.cc(73)] ReadMemory at 0x7ffbe1a30000 of 64 bytes failed: Only part of a ReadProcessMemory or WriteProcessMemory request was completed. (0x12B)
[0215/113256.499:WARNING:pe_image_reader.cc(340)] could not read dos header from C:\Windows\SYSTEM32\WINSPOOL.DRV
[0215/113256.499:ERROR:process_memory_win.cc(73)] ReadMemory at 0x7ffbf0fa0000 of 64 bytes failed: Only part of a ReadProcessMemory or WriteProcessMemory request was completed. (0x12B)
[0215/113256.499:WARNING:pe_image_reader.cc(340)] could not read dos header from C:\Windows\System32\kernel.appcore.dll
[0215/113256.499:ERROR:process_memory_win.cc(73)] ReadMemory at 0x7ffbf1140000 of 64 bytes failed: Only part of a ReadProcessMemory or WriteProcessMemory request was completed. (0x12B)
[0215/113256.499:WARNING:pe_image_reader.cc(340)] could not read dos header from C:\Windows\System32\bcrypt.dll
[0215/113256.499:ERROR:process_memory_win.cc(73)] ReadMemory at 0x7ffbee9c0000 of 64 bytes failed: Only part of a ReadProcessMemory or WriteProcessMemory request was completed. (0x12B)
[0215/113256.499:WARNING:pe_image_reader.cc(340)] could not read dos header from C:\Windows\SYSTEM32\dbghelp.dll
[0215/113256.499:ERROR:process_memory_win.cc(73)] ReadMemory at 0x7ffbd8140000 of 64 bytes failed: Only part of a ReadProcessMemory or WriteProcessMemory request was completed. (0x12B)
[0215/113256.499:WARNING:pe_image_reader.cc(340)] could not read dos header from C:\Windows\SYSTEM32\Secur32.dll
[0215/113256.499:ERROR:process_memory_win.cc(73)] ReadMemory at 0x7ffbe7ee0000 of 64 bytes failed: Only part of a ReadProcessMemory or WriteProcessMemory request was completed. (0x12B)
[0215/113256.499:WARNING:pe_image_reader.cc(340)] could not read dos header from C:\Windows\SYSTEM32\WINHTTP.dll
[0215/113256.499:ERROR:process_memory_win.cc(73)] ReadMemory at 0x7ffbe9130000 of 64 bytes failed: Only part of a ReadProcessMemory or WriteProcessMemory request was completed. (0x12B)
[0215/113256.499:WARNING:pe_image_reader.cc(340)] could not read dos header from C:\Windows\SYSTEM32\dhcpcsvc.DLL
[0215/113256.499:ERROR:process_memory_win.cc(73)] ReadMemory at 0x7ffbf2ba0000 of 64 bytes failed: Only part of a ReadProcessMemory or WriteProcessMemory request was completed. (0x12B)
[0215/113256.499:WARNING:pe_image_reader.cc(340)] could not read dos header from C:\Windows\System32\NSI.dll
[0215/113256.499:ERROR:process_memory_win.cc(73)] ReadMemory at 0x7ffbe6660000 of 64 bytes failed: Only part of a ReadProcessMemory or WriteProcessMemory request was completed. (0x12B)
[0215/113256.499:WARNING:pe_image_reader.cc(340)] could not read dos header from C:\Windows\SYSTEM32\WINMMBASE.dll
[0215/113256.499:ERROR:process_memory_win.cc(73)] ReadMemory at 0x7ffbf1170000 of 64 bytes failed: Only part of a ReadProcessMemory or WriteProcessMemory request was completed. (0x12B)
[0215/113256.499:WARNING:pe_image_reader.cc(340)] could not read dos header from C:\Windows\System32\cfgmgr32.dll
[0215/113256.499:ERROR:process_memory_win.cc(73)] ReadMemory at 0x7ffbed020000 of 64 bytes failed: Only part of a ReadProcessMemory or WriteProcessMemory request was completed. (0x12B)
[0215/113256.500:WARNING:pe_image_reader.cc(340)] could not read dos header from C:\Windows\SYSTEM32\PROPSYS.dll
[0215/113256.500:ERROR:process_memory_win.cc(73)] ReadMemory at 0x7ffbf3af0000 of 64 bytes failed: Only part of a ReadProcessMemory or WriteProcessMemory request was completed. (0x12B)
[0215/113256.500:WARNING:pe_image_reader.cc(340)] could not read dos header from C:\Windows\System32\shcore.dll
[0215/113256.500:ERROR:process_memory_win.cc(73)] ReadMemory at 0x7ffbf0e60000 of 64 bytes failed: Only part of a ReadProcessMemory or WriteProcessMemory request was completed. (0x12B)
[0215/113256.500:WARNING:pe_image_reader.cc(340)] could not read dos header from C:\Windows\SYSTEM32\SSPICLI.DLL
[0215/113256.500:ERROR:process_memory_win.cc(73)] ReadMemory at 0x7ffbf3330000 of 64 bytes failed: Only part of a ReadProcessMemory or WriteProcessMemory request was completed. (0x12B)
[0215/113256.500:WARNING:pe_image_reader.cc(340)] could not read dos header from C:\Windows\System32\SHELL32.dll
[0215/113256.500:ERROR:process_memory_win.cc(73)] ReadMemory at 0x7ffbf19d0000 of 64 bytes failed: Only part of a ReadProcessMemory or WriteProcessMemory request was completed. (0x12B)
[0215/113256.500:WARNING:pe_image_reader.cc(340)] could not read dos header from C:\Windows\System32\windows.storage.dll
[0215/113256.500:ERROR:process_memory_win.cc(73)] ReadMemory at 0x7ffbf0fe0000 of 64 bytes failed: Only part of a ReadProcessMemory or WriteProcessMemory request was completed. (0x12B)
[0215/113256.500:WARNING:pe_image_reader.cc(340)] could not read dos header from C:\Windows\System32\powrprof.dll
[0215/113256.500:ERROR:process_memory_win.cc(73)] ReadMemory at 0x7ffbf0f70000 of 64 bytes failed: Only part of a ReadProcessMemory or WriteProcessMemory request was completed. (0x12B)
[0215/113256.500:WARNING:pe_image_reader.cc(340)] could not read dos header from C:\Windows\System32\UMPDC.dll
[0215/113256.500:ERROR:process_memory_win.cc(73)] ReadMemory at 0x7ffbf27c0000 of 64 bytes failed: Only part of a ReadProcessMemory or WriteProcessMemory request was completed. (0x12B)
[0215/113256.501:WARNING:pe_image_reader.cc(340)] could not read dos header from C:\Windows\System32\shlwapi.dll
[0215/113256.501:ERROR:process_memory_win.cc(73)] ReadMemory at 0x7ffbf2660000 of 64 bytes failed: Only part of a ReadProcessMemory or WriteProcessMemory request was completed. (0x12B)
[0215/113256.501:WARNING:pe_image_reader.cc(340)] could not read dos header from C:\Windows\System32\GDI32.dll
[0215/113256.501:ERROR:process_memory_win.cc(73)] ReadMemory at 0x7ffbf18a0000 of 64 bytes failed: Only part of a ReadProcessMemory or WriteProcessMemory request was completed. (0x12B)
[0215/113256.501:WARNING:pe_image_reader.cc(340)] could not read dos header from C:\Windows\System32\win32u.dll
[0215/113256.501:ERROR:process_memory_win.cc(73)] ReadMemory at 0x7ffbf1700000 of 64 bytes failed: Only part of a ReadProcessMemory or WriteProcessMemory request was completed. (0x12B)
[0215/113256.501:WARNING:pe_image_reader.cc(340)] could not read dos header from C:\Windows\System32\gdi32full.dll
[0215/113256.501:ERROR:process_memory_win.cc(73)] ReadMemory at 0x7ffbf2830000 of 64 bytes failed: Only part of a ReadProcessMemory or WriteProcessMemory request was completed. (0x12B)
[0215/113256.501:WARNING:pe_image_reader.cc(340)] could not read dos header from C:\Windows\System32\USER32.dll
[0215/113256.501:ERROR:process_memory_win.cc(73)] ReadMemory at 0x7ffbf1590000 of 64 bytes failed: Only part of a ReadProcessMemory or WriteProcessMemory request was completed. (0x12B)
[0215/113256.501:WARNING:pe_image_reader.cc(340)] could not read dos header from C:\Windows\System32\cryptsp.dll
[0215/113256.501:ERROR:process_memory_win.cc(73)] ReadMemory at 0x7ffbf2150000 of 64 bytes failed: Only part of a ReadProcessMemory or WriteProcessMemory request was completed. (0x12B)
[0215/113256.501:WARNING:pe_image_reader.cc(340)] could not read dos header from C:\Windows\System32\IMM32.DLL
[0215/113256.501:ERROR:process_memory_win.cc(73)] ReadMemory at 0x7ffbf09b0000 of 64 bytes failed: Only part of a ReadProcessMemory or WriteProcessMemory request was completed. (0x12B)
[0215/113256.501:WARNING:pe_image_reader.cc(340)] could not read dos header from C:\Windows\SYSTEM32\CRYPTBASE.DLL
[0215/113256.501:ERROR:process_memory_win.cc(73)] ReadMemory at 0x7ff6c9120000 of 64 bytes failed: Only part of a ReadProcessMemory or WriteProcessMemory request was completed. (0x12B)
[0215/113256.501:WARNING:pe_image_reader.cc(340)] could not read dos header from C:\Program Files (x86)\Google\Chrome\Application\chrome.exe
[0215/113256.501:ERROR:process_memory_win.cc(73)] ReadMemory at 0x7ffbf40a0000 of 64 bytes failed: Only part of a ReadProcessMemory or WriteProcessMemory request was completed. (0x12B)
[0215/113256.501:WARNING:pe_image_reader.cc(340)] could not read dos header from C:\Windows\SYSTEM32\ntdll.dll
[0215/113256.502:ERROR:process_memory_win.cc(73)] ReadMemory at 0x7ffbf2a70000 of 64 bytes failed: Only part of a ReadProcessMemory or WriteProcessMemory request was completed. (0x12B)
[0215/113256.502:WARNING:pe_image_reader.cc(340)] could not read dos header from C:\Windows\System32\KERNEL32.DLL
[0215/113256.502:ERROR:process_memory_win.cc(73)] ReadMemory at 0x7ffbf11c0000 of 64 bytes failed: Only part of a ReadProcessMemory or WriteProcessMemory request was completed. (0x12B)
[0215/113256.502:WARNING:pe_image_reader.cc(340)] could not read dos header from C:\Windows\System32\KERNELBASE.dll
[0215/113256.502:ERROR:process_memory_win.cc(73)] ReadMemory at 0x7ffba2c50000 of 64 bytes failed: Only part of a ReadProcessMemory or WriteProcessMemory request was completed. (0x12B)
[0215/113256.502:WARNING:pe_image_reader.cc(340)] could not read dos header from C:\Program Files (x86)\Google\Chrome\Application\79.0.3945.130\chrome_elf.dll
[0215/113256.502:ERROR:process_memory_win.cc(73)] ReadMemory at 0x7ffbe8380000 of 64 bytes failed: Only part of a ReadProcessMemory or WriteProcessMemory request was completed. (0x12B)
[0215/113256.502:WARNING:pe_image_reader.cc(340)] could not read dos header from C:\Windows\SYSTEM32\VERSION.dll
[0215/113256.502:ERROR:process_memory_win.cc(73)] ReadMemory at 0x7ffbf29d0000 of 64 bytes failed: Only part of a ReadProcessMemory or WriteProcessMemory request was completed. (0x12B)
[0215/113256.502:WARNING:pe_image_reader.cc(340)] could not read dos header from C:\Windows\System32\msvcrt.dll
[0215/113256.502:ERROR:process_memory_win.cc(73)] ReadMemory at 0x7ffbf1510000 of 64 bytes failed: Only part of a ReadProcessMemory or WriteProcessMemory request was completed. (0x12B)
[0215/113256.502:WARNING:pe_image_reader.cc(340)] could not read dos header from C:\Windows\System32\bcryptPrimitives.dll
[0215/113256.502:ERROR:process_memory_win.cc(73)] ReadMemory at 0x7ffbf24c0000 of 64 bytes failed: Only part of a ReadProcessMemory or WriteProcessMemory request was completed. (0x12B)
[0215/113256.502:WARNING:pe_image_reader.cc(340)] could not read dos header from C:\Windows\System32\ADVAPI32.dll
[0215/113256.502:ERROR:process_memory_win.cc(73)] ReadMemory at 0x7ffbf3fc0000 of 64 bytes failed: Only part of a ReadProcessMemory or WriteProcessMemory request was completed. (0x12B)
[0215/113256.502:WARNING:pe_image_reader.cc(340)] could not read dos header from C:\Windows\System32\sechost.dll
[0215/113256.502:ERROR:process_memory_win.cc(73)] ReadMemory at 0x7ffbf3cf0000 of 64 bytes failed: Only part of a ReadProcessMemory or WriteProcessMemory request was completed. (0x12B)
[0215/113256.502:WARNING:pe_image_reader.cc(340)] could not read dos header from C:\Windows\System32\RPCRT4.dll
[0215/113256.502:ERROR:process_memory_win.cc(73)] ReadMemory at 0x7ffb92a10000 of 64 bytes failed: Only part of a ReadProcessMemory or WriteProcessMemory request was completed. (0x12B)
[0215/113256.502:WARNING:pe_image_reader.cc(340)] could not read dos header from C:\Program Files (x86)\Google\Chrome\Application\79.0.3945.130\chrome_child.dll
[0215/113256.502:ERROR:process_memory_win.cc(73)] ReadMemory at 0x7ffbf26f0000 of 64 bytes failed: Only part of a ReadProcessMemory or WriteProcessMemory request was completed. (0x12B)
[0215/113256.502:WARNING:pe_image_reader.cc(340)] could not read dos header from C:\Windows\System32\OLEAUT32.dll
[0215/113256.502:ERROR:process_memory_win.cc(73)] ReadMemory at 0x7ffbf1470000 of 64 bytes failed: Only part of a ReadProcessMemory or WriteProcessMemory request was completed. (0x12B)
[0215/113256.502:WARNING:pe_image_reader.cc(340)] could not read dos header from C:\Windows\System32\msvcp_win.dll
[0215/113256.502:ERROR:process_memory_win.cc(73)] ReadMemory at 0x7ffbf18d0000 of 64 bytes failed: Only part of a ReadProcessMemory or WriteProcessMemory request was completed. (0x12B)
[0215/113256.502:WARNING:pe_image_reader.cc(340)] could not read dos header from C:\Windows\System32\ucrtbase.dll
[0215/113256.502:ERROR:process_memory_win.cc(73)] ReadMemory at 0x7ffbf2180000 of 64 bytes failed: Only part of a ReadProcessMemory or WriteProcessMemory request was completed. (0x12B)
[0215/113256.502:WARNING:pe_image_reader.cc(340)] could not read dos header from C:\Windows\System32\combase.dll
[0215/113256.503:ERROR:process_memory_win.cc(73)] ReadMemory at 0x2d025560000 of 64 bytes failed: Only part of a ReadProcessMemory or WriteProcessMemory request was completed. (0x12B)
[0215/113256.503:WARNING:pe_image_reader.cc(340)] could not read dos header from C:\Windows\System32\WS2_32.dll
[0215/113256.503:ERROR:process_memory_win.cc(73)] ReadMemory at 0x7ffbf1030000 of 64 bytes failed: Only part of a ReadProcessMemory or WriteProcessMemory request was completed. (0x12B)
[0215/113256.503:WARNING:pe_image_reader.cc(340)] could not read dos header from C:\Windows\System32\WINTRUST.dll
[0215/113256.503:ERROR:process_memory_win.cc(73)] ReadMemory at 0x7ffbf0f80000 of 64 bytes failed: Only part of a ReadProcessMemory or WriteProcessMemory request was completed. (0x12B)
[0215/113256.503:WARNING:pe_image_reader.cc(340)] could not read dos header from C:\Windows\System32\MSASN1.dll
[0215/113256.503:ERROR:process_memory_win.cc(73)] ReadMemory at 0x7ffbf15b0000 of 64 bytes failed: Only part of a ReadProcessMemory or WriteProcessMemory request was completed. (0x12B)
[0215/113256.503:WARNING:pe_image_reader.cc(340)] could not read dos header from C:\Windows\System32\CRYPT32.dll
[0215/113256.503:ERROR:process_memory_win.cc(73)] ReadMemory at 0x7ffbf04f0000 of 64 bytes failed: Only part of a ReadProcessMemory or WriteProcessMemory request was completed. (0x12B)
[0215/113256.503:WARNING:pe_image_reader.cc(340)] could not read dos header from C:\Windows\SYSTEM32\IPHLPAPI.DLL
[0215/113256.503:ERROR:process_memory_win.cc(73)] ReadMemory at 0x7ffbe6690000 of 64 bytes failed: Only part of a ReadProcessMemory or WriteProcessMemory request was completed. (0x12B)
[0215/113256.503:WARNING:pe_image_reader.cc(340)] could not read dos header from C:\Windows\SYSTEM32\WINMM.dll
[0215/113256.503:ERROR:process_memory_win.cc(73)] ReadMemory at 0x7ffbf0e90000 of 64 bytes failed: Only part of a ReadProcessMemory or WriteProcessMemory request was completed. (0x12B)
[0215/113256.503:WARNING:pe_image_reader.cc(340)] could not read dos header from C:\Windows\SYSTEM32\USERENV.dll
[0215/113256.503:ERROR:process_memory_win.cc(73)] ReadMemory at 0x7ffbf0fc0000 of 64 bytes failed: Only part of a ReadProcessMemory or WriteProcessMemory request was completed. (0x12B)
[0215/113256.503:WARNING:pe_image_reader.cc(340)] could not read dos header from C:\Windows\System32\profapi.dll
[0215/113256.503:ERROR:process_memory_win.cc(73)] ReadMemory at 0x7ffbecce0000 of 64 bytes failed: Only part of a ReadProcessMemory or WriteProcessMemory request was completed. (0x12B)
[0215/113256.503:WARNING:pe_image_reader.cc(340)] could not read dos header from C:\Windows\SYSTEM32\DWrite.dll
[0215/113256.503:ERROR:process_memory_win.cc(73)] ReadMemory at 0x7ffbe1a30000 of 64 bytes failed: Only part of a ReadProcessMemory or WriteProcessMemory request was completed. (0x12B)
[0215/113256.503:WARNING:pe_image_reader.cc(340)] could not read dos header from C:\Windows\SYSTEM32\WINSPOOL.DRV
[0215/113256.503:ERROR:process_memory_win.cc(73)] ReadMemory at 0x7ffbf0fa0000 of 64 bytes failed: Only part of a ReadProcessMemory or WriteProcessMemory request was completed. (0x12B)
[0215/113256.503:WARNING:pe_image_reader.cc(340)] could not read dos header from C:\Windows\System32\kernel.appcore.dll
[0215/113256.503:ERROR:process_memory_win.cc(73)] ReadMemory at 0x7ffbf1140000 of 64 bytes failed: Only part of a ReadProcessMemory or WriteProcessMemory request was completed. (0x12B)
[0215/113256.503:WARNING:pe_image_reader.cc(340)] could not read dos header from C:\Windows\System32\bcrypt.dll
[0215/113256.503:ERROR:process_memory_win.cc(73)] ReadMemory at 0x7ffbee9c0000 of 64 bytes failed: Only part of a ReadProcessMemory or WriteProcessMemory request was completed. (0x12B)
[0215/113256.503:WARNING:pe_image_reader.cc(340)] could not read dos header from C:\Windows\SYSTEM32\dbghelp.dll
[0215/113256.504:ERROR:process_memory_win.cc(73)] ReadMemory at 0x7ffbd8140000 of 64 bytes failed: Only part of a ReadProcessMemory or WriteProcessMemory request was completed. (0x12B)
[0215/113256.504:WARNING:pe_image_reader.cc(340)] could not read dos header from C:\Windows\SYSTEM32\Secur32.dll
[0215/113256.504:ERROR:process_memory_win.cc(73)] ReadMemory at 0x7ffbe7ee0000 of 64 bytes failed: Only part of a ReadProcessMemory or WriteProcessMemory request was completed. (0x12B)
[0215/113256.504:WARNING:pe_image_reader.cc(340)] could not read dos header from C:\Windows\SYSTEM32\WINHTTP.dll
[0215/113256.504:ERROR:process_memory_win.cc(73)] ReadMemory at 0x7ffbe9130000 of 64 bytes failed: Only part of a ReadProcessMemory or WriteProcessMemory request was completed. (0x12B)
[0215/113256.504:WARNING:pe_image_reader.cc(340)] could not read dos header from C:\Windows\SYSTEM32\dhcpcsvc.DLL
[0215/113256.504:ERROR:process_memory_win.cc(73)] ReadMemory at 0x7ffbf2ba0000 of 64 bytes failed: Only part of a ReadProcessMemory or WriteProcessMemory request was completed. (0x12B)
[0215/113256.504:WARNING:pe_image_reader.cc(340)] could not read dos header from C:\Windows\System32\NSI.dll
[0215/113256.504:ERROR:process_memory_win.cc(73)] ReadMemory at 0x7ffbe6660000 of 64 bytes failed: Only part of a ReadProcessMemory or WriteProcessMemory request was completed. (0x12B)
[0215/113256.504:WARNING:pe_image_reader.cc(340)] could not read dos header from C:\Windows\SYSTEM32\WINMMBASE.dll
[0215/113256.504:ERROR:process_memory_win.cc(73)] ReadMemory at 0x7ffbf1170000 of 64 bytes failed: Only part of a ReadProcessMemory or WriteProcessMemory request was completed. (0x12B)
[0215/113256.504:WARNING:pe_image_reader.cc(340)] could not read dos header from C:\Windows\System32\cfgmgr32.dll
[0215/113256.504:ERROR:process_memory_win.cc(73)] ReadMemory at 0x7ffbed020000 of 64 bytes failed: Only part of a ReadProcessMemory or WriteProcessMemory request was completed. (0x12B)
[0215/113256.504:WARNING:pe_image_reader.cc(340)] could not read dos header from C:\Windows\SYSTEM32\PROPSYS.dll
[0215/113256.504:ERROR:process_memory_win.cc(73)] ReadMemory at 0x7ffbf3af0000 of 64 bytes failed: Only part of a ReadProcessMemory or WriteProcessMemory request was completed. (0x12B)
[0215/113256.504:WARNING:pe_image_reader.cc(340)] could not read dos header from C:\Windows\System32\shcore.dll
[0215/113256.504:ERROR:process_memory_win.cc(73)] ReadMemory at 0x7ffbf0e60000 of 64 bytes failed: Only part of a ReadProcessMemory or WriteProcessMemory request was completed. (0x12B)
[0215/113256.504:WARNING:pe_image_reader.cc(340)] could not read dos header from C:\Windows\SYSTEM32\SSPICLI.DLL
[0215/113256.504:ERROR:process_memory_win.cc(73)] ReadMemory at 0x7ffbf3330000 of 64 bytes failed: Only part of a ReadProcessMemory or WriteProcessMemory request was completed. (0x12B)
[0215/113256.504:WARNING:pe_image_reader.cc(340)] could not read dos header from C:\Windows\System32\SHELL32.dll
[0215/113256.504:ERROR:process_memory_win.cc(73)] ReadMemory at 0x7ffbf19d0000 of 64 bytes failed: Only part of a ReadProcessMemory or WriteProcessMemory request was completed. (0x12B)
[0215/113256.504:WARNING:pe_image_reader.cc(340)] could not read dos header from C:\Windows\System32\windows.storage.dll
[0215/113256.504:ERROR:process_memory_win.cc(73)] ReadMemory at 0x7ffbf0fe0000 of 64 bytes failed: Only part of a ReadProcessMemory or WriteProcessMemory request was completed. (0x12B)
[0215/113256.504:WARNING:pe_image_reader.cc(340)] could not read dos header from C:\Windows\System32\powrprof.dll
[0215/113256.504:ERROR:process_memory_win.cc(73)] ReadMemory at 0x7ffbf0f70000 of 64 bytes failed: Only part of a ReadProcessMemory or WriteProcessMemory request was completed. (0x12B)
[0215/113256.505:WARNING:pe_image_reader.cc(340)] could not read dos header from C:\Windows\System32\UMPDC.dll
[0215/113256.505:ERROR:process_memory_win.cc(73)] ReadMemory at 0x7ffbf27c0000 of 64 bytes failed: Only part of a ReadProcessMemory or WriteProcessMemory request was completed. (0x12B)
[0215/113256.505:WARNING:pe_image_reader.cc(340)] could not read dos header from C:\Windows\System32\shlwapi.dll
[0215/113256.505:ERROR:process_memory_win.cc(73)] ReadMemory at 0x7ffbf2660000 of 64 bytes failed: Only part of a ReadProcessMemory or WriteProcessMemory request was completed. (0x12B)
[0215/113256.505:WARNING:pe_image_reader.cc(340)] could not read dos header from C:\Windows\System32\GDI32.dll
[0215/113256.505:ERROR:process_memory_win.cc(73)] ReadMemory at 0x7ffbf18a0000 of 64 bytes failed: Only part of a ReadProcessMemory or WriteProcessMemory request was completed. (0x12B)
[0215/113256.505:WARNING:pe_image_reader.cc(340)] could not read dos header from C:\Windows\System32\win32u.dll
[0215/113256.505:ERROR:process_memory_win.cc(73)] ReadMemory at 0x7ffbf1700000 of 64 bytes failed: Only part of a ReadProcessMemory or WriteProcessMemory request was completed. (0x12B)
[0215/113256.505:WARNING:pe_image_reader.cc(340)] could not read dos header from C:\Windows\System32\gdi32full.dll
[0215/113256.505:ERROR:process_memory_win.cc(73)] ReadMemory at 0x7ffbf2830000 of 64 bytes failed: Only part of a ReadProcessMemory or WriteProcessMemory request was completed. (0x12B)
[0215/113256.505:WARNING:pe_image_reader.cc(340)] could not read dos header from C:\Windows\System32\USER32.dll
[0215/113256.505:ERROR:process_memory_win.cc(73)] ReadMemory at 0x7ffbf1590000 of 64 bytes failed: Only part of a ReadProcessMemory or WriteProcessMemory request was completed. (0x12B)
[0215/113256.505:WARNING:pe_image_reader.cc(340)] could not read dos header from C:\Windows\System32\cryptsp.dll
[0215/113256.505:ERROR:process_memory_win.cc(73)] ReadMemory at 0x7ffbf2150000 of 64 bytes failed: Only part of a ReadProcessMemory or WriteProcessMemory request was completed. (0x12B)
[0215/113256.505:WARNING:pe_image_reader.cc(340)] could not read dos header from C:\Windows\System32\IMM32.DLL
[0215/113256.505:ERROR:process_memory_win.cc(73)] ReadMemory at 0x7ffbf09b0000 of 64 bytes failed: Only part of a ReadProcessMemory or WriteProcessMemory request was completed. (0x12B)
[0215/113256.505:WARNING:pe_image_reader.cc(340)] could not read dos header from C:\Windows\SYSTEM32\CRYPTBASE.DLL
[0215/113256.523:ERROR:process_memory_win.cc(73)] ReadMemory at 0xd68aded000 of 77824 bytes failed: Only part of a ReadProcessMemory or WriteProcessMemory request was completed. (0x12B)
[0215/113256.524:ERROR:process_memory_win.cc(73)] ReadMemory at 0xd68b5fd000 of 12288 bytes failed: Only part of a ReadProcessMemory or WriteProcessMemory request was completed. (0x12B)
[0215/113256.525:ERROR:process_memory_win.cc(73)] ReadMemory at 0xd68bdf8000 of 32768 bytes failed: Only part of a ReadProcessMemory or WriteProcessMemory request was completed. (0x12B)
[0215/113256.525:ERROR:process_memory_win.cc(73)] ReadMemory at 0xd68c5fc000 of 16384 bytes failed: Only part of a ReadProcessMemory or WriteProcessMemory request was completed. (0x12B)
[0215/113256.525:ERROR:process_memory_win.cc(73)] ReadMemory at 0xd68cdfb000 of 20480 bytes failed: Only part of a ReadProcessMemory or WriteProcessMemory request was completed. (0x12B)
[0215/113256.525:ERROR:process_memory_win.cc(73)] ReadMemory at 0xd68d5fe000 of 8192 bytes failed: Only part of a ReadProcessMemory or WriteProcessMemory request was completed. (0x12B)
[0215/113256.525:ERROR:process_memory_win.cc(73)] ReadMemory at 0xd68ddfd000 of 12288 bytes failed: Only part of a ReadProcessMemory or WriteProcessMemory request was completed. (0x12B)
[0215/113256.525:ERROR:process_memory_win.cc(73)] ReadMemory at 0xd68e5fb000 of 20480 bytes failed: Only part of a ReadProcessMemory or WriteProcessMemory request was completed. (0x12B)
[0215/113256.526:ERROR:process_memory_win.cc(73)] ReadMemory at 0xd68edfb000 of 20480 bytes failed: Only part of a ReadProcessMemory or WriteProcessMemory request was completed. (0x12B)
[0215/113256.526:ERROR:process_memory_win.cc(73)] ReadMemory at 0xd68f5fd000 of 12288 bytes failed: Only part of a ReadProcessMemory or WriteProcessMemory request was completed. (0x12B)
[0215/113256.526:ERROR:process_memory_win.cc(73)] ReadMemory at 0xd68fdf5000 of 45056 bytes failed: Only part of a ReadProcessMemory or WriteProcessMemory request was completed. (0x12B)
[0215/113256.527:ERROR:process_memory_win.cc(73)] ReadMemory at 0xd6905f6000 of 40960 bytes failed: Only part of a ReadProcessMemory or WriteProcessMemory request was completed. (0x12B)
[0215/113256.527:ERROR:process_memory_win.cc(73)] ReadMemory at 0xd690dfd000 of 12288 bytes failed: Only part of a ReadProcessMemory or WriteProcessMemory request was completed. (0x12B)
[0215/113256.527:ERROR:process_memory_win.cc(73)] ReadMemory at 0xd6915f8000 of 32768 bytes failed: Only part of a ReadProcessMemory or WriteProcessMemory request was completed. (0x12B)
[0215/113256.527:ERROR:process_memory_win.cc(73)] ReadMemory at 0xd691df8000 of 32768 bytes failed: Only part of a ReadProcessMemory or WriteProcessMemory request was completed. (0x12B)
[0215/113256.528:ERROR:process_memory_win.cc(73)] ReadMemory at 0xd6925f8000 of 32768 bytes failed: Only part of a ReadProcessMemory or WriteProcessMemory request was completed. (0x12B)
[0215/113256.528:ERROR:process_memory_win.cc(73)] ReadMemory at 0xd692dfa000 of 24576 bytes failed: Only part of a ReadProcessMemory or WriteProcessMemory request was completed. (0x12B)
[0215/113256.528:ERROR:process_memory_win.cc(73)] ReadMemory at 0xd68a525000 of 852 bytes failed: Only part of a ReadProcessMemory or WriteProcessMemory request was completed. (0x12B)
[0215/113256.528:ERROR:process_memory_win.cc(73)] ReadMemory at 0xd68a526000 of 6024 bytes failed: Only part of a ReadProcessMemory or WriteProcessMemory request was completed. (0x12B)
[0215/113256.528:ERROR:process_memory_win.cc(73)] ReadMemory at 0xd68a528000 of 6024 bytes failed: Only part of a ReadProcessMemory or WriteProcessMemory request was completed. (0x12B)
[0215/113256.528:ERROR:process_memory_win.cc(73)] ReadMemory at 0xd68a52a000 of 6024 bytes failed: Only part of a ReadProcessMemory or WriteProcessMemory request was completed. (0x12B)
[0215/113256.528:ERROR:process_memory_win.cc(73)] ReadMemory at 0xd68a52c000 of 6024 bytes failed: Only part of a ReadProcessMemory or WriteProcessMemory request was completed. (0x12B)
[0215/113256.528:ERROR:process_memory_win.cc(73)] ReadMemory at 0xd68a52e000 of 6024 bytes failed: Only part of a ReadProcessMemory or WriteProcessMemory request was completed. (0x12B)
[0215/113256.529:ERROR:process_memory_win.cc(73)] ReadMemory at 0xd68a530000 of 6024 bytes failed: Only part of a ReadProcessMemory or WriteProcessMemory request was completed. (0x12B)
[0215/113256.529:ERROR:process_memory_win.cc(73)] ReadMemory at 0xd68a532000 of 6024 bytes failed: Only part of a ReadProcessMemory or WriteProcessMemory request was completed. (0x12B)
[0215/113256.529:ERROR:process_memory_win.cc(73)] ReadMemory at 0xd68a534000 of 6024 bytes failed: Only part of a ReadProcessMemory or WriteProcessMemory request was completed. (0x12B)
[0215/113256.529:ERROR:process_memory_win.cc(73)] ReadMemory at 0xd68a536000 of 6024 bytes failed: Only part of a ReadProcessMemory or WriteProcessMemory request was completed. (0x12B)
[0215/113256.529:ERROR:process_memory_win.cc(73)] ReadMemory at 0xd68a538000 of 6024 bytes failed: Only part of a ReadProcessMemory or WriteProcessMemory request was completed. (0x12B)
[0215/113256.529:ERROR:process_memory_win.cc(73)] ReadMemory at 0xd68a53a000 of 6024 bytes failed: Only part of a ReadProcessMemory or WriteProcessMemory request was completed. (0x12B)
[0215/113256.529:ERROR:process_memory_win.cc(73)] ReadMemory at 0xd68a53c000 of 6024 bytes failed: Only part of a ReadProcessMemory or WriteProcessMemory request was completed. (0x12B)
[0215/113256.530:ERROR:process_memory_win.cc(73)] ReadMemory at 0xd68a53e000 of 6024 bytes failed: Only part of a ReadProcessMemory or WriteProcessMemory request was completed. (0x12B)
[0215/113256.530:ERROR:process_memory_win.cc(73)] ReadMemory at 0xd68a540000 of 6024 bytes failed: Only part of a ReadProcessMemory or WriteProcessMemory request was completed. (0x12B)
[0215/113256.530:ERROR:process_memory_win.cc(73)] ReadMemory at 0xd68a542000 of 6024 bytes failed: Only part of a ReadProcessMemory or WriteProcessMemory request was completed. (0x12B)
[0215/113256.530:ERROR:process_memory_win.cc(73)] ReadMemory at 0xd68a544000 of 6024 bytes failed: Only part of a ReadProcessMemory or WriteProcessMemory request was completed. (0x12B)
[0215/113256.530:ERROR:process_memory_win.cc(73)] ReadMemory at 0xd68a546000 of 6024 bytes failed: Only part of a ReadProcessMemory or WriteProcessMemory request was completed. (0x12B)
[0215/113256.530:ERROR:process_memory_win.cc(73)] ReadMemory at 0x2d0252c0750 of 80 bytes failed: Only part of a ReadProcessMemory or WriteProcessMemory request was completed. (0x12B)
[0215/113256.530:ERROR:process_memory_win.cc(73)] ReadMemory at 0x2d0252c0fe0 of 4882 bytes failed: Only part of a ReadProcessMemory or WriteProcessMemory request was completed. (0x12B)
[0215/113256.530:ERROR:process_memory_win.cc(73)] ReadMemory at 0x2d0252c2300 of 1012 bytes failed: Only part of a ReadProcessMemory or WriteProcessMemory request was completed. (0x12B)
[0215/113256.530:ERROR:process_memory_win.cc(73)] ReadMemory at 0x2d0252c2948 of 118 bytes failed: Only part of a ReadProcessMemory or WriteProcessMemory request was completed. (0x12B)
[0215/113256.531:ERROR:process_memory_win.cc(73)] ReadMemory at 0x2d0252c29c0 of 1404 bytes failed: Only part of a ReadProcessMemory or WriteProcessMemory request was completed. (0x12B)
[0215/113256.531:ERROR:process_memory_win.cc(73)] ReadMemory at 0x2d0252c2f3e of 118 bytes failed: Only part of a ReadProcessMemory or WriteProcessMemory request was completed. (0x12B)
[0215/113256.531:ERROR:process_memory_win.cc(73)] ReadMemory at 0x2d0252c2fb6 of 98 bytes failed: Only part of a ReadProcessMemory or WriteProcessMemory request was completed. (0x12B)
[0215/113256.531:ERROR:process_memory_win.cc(73)] ReadMemory at 0x2d0252c3030 of 58 bytes failed: Only part of a ReadProcessMemory or WriteProcessMemory request was completed. (0x12B)
[0215/113256.531:ERROR:process_memory_win.cc(73)] ReadMemory at 0x2d0252c3130 of 132 bytes failed: Only part of a ReadProcessMemory or WriteProcessMemory request was completed. (0x12B)
[0215/113256.531:ERROR:process_memory_win.cc(73)] ReadMemory at 0x2d0252c32c0 of 132 bytes failed: Only part of a ReadProcessMemory or WriteProcessMemory request was completed. (0x12B)
[0215/113256.531:ERROR:process_memory_win.cc(73)] ReadMemory at 0x2d0252c3480 of 126 bytes failed: Only part of a ReadProcessMemory or WriteProcessMemory request was completed. (0x12B)
[0215/113256.531:ERROR:process_memory_win.cc(73)] ReadMemory at 0x2d0252c3860 of 132 bytes failed: Only part of a ReadProcessMemory or WriteProcessMemory request was completed. (0x12B)
[0215/113256.531:ERROR:process_memory_win.cc(73)] ReadMemory at 0x2d0252c39f0 of 64 bytes failed: Only part of a ReadProcessMemory or WriteProcessMemory request was completed. (0x12B)
[0215/113256.531:ERROR:process_memory_win.cc(73)] ReadMemory at 0x2d0252c3bb0 of 132 bytes failed: Only part of a ReadProcessMemory or WriteProcessMemory request was completed. (0x12B)
[0215/113256.531:ERROR:process_memory_win.cc(73)] ReadMemory at 0x2d0252c3e50 of 132 bytes failed: Only part of a ReadProcessMemory or WriteProcessMemory request was completed. (0x12B)
[0215/113256.531:ERROR:process_memory_win.cc(73)] ReadMemory at 0x2d0252c3fe0 of 68 bytes failed: Only part of a ReadProcessMemory or WriteProcessMemory request was completed. (0x12B)
[0215/113256.532:ERROR:process_memory_win.cc(73)] ReadMemory at 0x2d0252c51f0 of 132 bytes failed: Only part of a ReadProcessMemory or WriteProcessMemory request was completed. (0x12B)
[0215/113256.532:ERROR:process_memory_win.cc(73)] ReadMemory at 0x2d0252c5380 of 154 bytes failed: Only part of a ReadProcessMemory or WriteProcessMemory request was completed. (0x12B)
[0215/113256.532:ERROR:process_memory_win.cc(73)] ReadMemory at 0x2d0252c60c0 of 132 bytes failed: Only part of a ReadProcessMemory or WriteProcessMemory request was completed. (0x12B)
[0215/113256.532:ERROR:process_memory_win.cc(73)] ReadMemory at 0x2d0252c6250 of 60 bytes failed: Only part of a ReadProcessMemory or WriteProcessMemory request was completed. (0x12B)
[0215/113256.532:ERROR:process_memory_win.cc(73)] ReadMemory at 0x2d0252c64b0 of 132 bytes failed: Only part of a ReadProcessMemory or WriteProcessMemory request was completed. (0x12B)
[0215/113256.532:ERROR:process_memory_win.cc(73)] ReadMemory at 0x2d0252c6e50 of 62 bytes failed: Only part of a ReadProcessMemory or WriteProcessMemory request was completed. (0x12B)
[0215/113256.532:ERROR:process_memory_win.cc(73)] ReadMemory at 0x2d0252c6ed0 of 158 bytes failed: Only part of a ReadProcessMemory or WriteProcessMemory request was completed. (0x12B)
[0215/113256.532:ERROR:process_memory_win.cc(73)] ReadMemory at 0x2d0252c703c of 512 bytes failed: Only part of a ReadProcessMemory or WriteProcessMemory request was completed. (0x12B)
[0215/113256.532:ERROR:process_memory_win.cc(73)] ReadMemory at 0x2d0252c77b0 of 132 bytes failed: Only part of a ReadProcessMemory or WriteProcessMemory request was completed. (0x12B)
[0215/113256.532:ERROR:process_memory_win.cc(73)] ReadMemory at 0x2d0252c79c0 of 132 bytes failed: Only part of a ReadProcessMemory or WriteProcessMemory request was completed. (0x12B)
[0215/113256.532:ERROR:process_memory_win.cc(73)] ReadMemory at 0x2d0252c7ca0 of 132 bytes failed: Only part of a ReadProcessMemory or WriteProcessMemory request was completed. (0x12B)
[0215/113256.533:ERROR:process_memory_win.cc(73)] ReadMemory at 0x2d0252c7f00 of 132 bytes failed: Only part of a ReadProcessMemory or WriteProcessMemory request was completed. (0x12B)
[0215/113256.533:ERROR:process_memory_win.cc(73)] ReadMemory at 0x2d0252caea0 of 60 bytes failed: Only part of a ReadProcessMemory or WriteProcessMemory request was completed. (0x12B)
[0215/113256.533:ERROR:process_memory_win.cc(73)] ReadMemory at 0x2d0252caef0 of 64 bytes failed: Only part of a ReadProcessMemory or WriteProcessMemory request was completed. (0x12B)
[0215/113256.533:ERROR:process_memory_win.cc(73)] ReadMemory at 0x2d0252cb300 of 64 bytes failed: Only part of a ReadProcessMemory or WriteProcessMemory request was completed. (0x12B)
[0215/113256.533:ERROR:process_memory_win.cc(73)] ReadMemory at 0x2d0252cb350 of 66 bytes failed: Only part of a ReadProcessMemory or WriteProcessMemory request was completed. (0x12B)
[0215/113256.533:ERROR:process_memory_win.cc(73)] ReadMemory at 0x2d0252cb3f0 of 62 bytes failed: Only part of a ReadProcessMemory or WriteProcessMemory request was completed. (0x12B)
[0215/113256.533:ERROR:process_memory_win.cc(73)] ReadMemory at 0x2d0252cb440 of 64 bytes failed: Only part of a ReadProcessMemory or WriteProcessMemory request was completed. (0x12B)
[0215/113256.533:ERROR:process_memory_win.cc(73)] ReadMemory at 0x2d0252cb490 of 62 bytes failed: Only part of a ReadProcessMemory or WriteProcessMemory request was completed. (0x12B)
[0215/113256.533:ERROR:process_memory_win.cc(73)] ReadMemory at 0x2d0252cb4e0 of 60 bytes failed: Only part of a ReadProcessMemory or WriteProcessMemory request was completed. (0x12B)
[0215/113256.533:ERROR:process_memory_win.cc(73)] ReadMemory at 0x2d0252cb530 of 64 bytes failed: Only part of a ReadProcessMemory or WriteProcessMemory request was completed. (0x12B)
[0215/113256.533:ERROR:process_memory_win.cc(73)] ReadMemory at 0x2d0252cb610 of 132 bytes failed: Only part of a ReadProcessMemory or WriteProcessMemory request was completed. (0x12B)
[0215/113256.533:ERROR:process_memory_win.cc(73)] ReadMemory at 0x2d0252cb740 of 132 bytes failed: Only part of a ReadProcessMemory or WriteProcessMemory request was completed. (0x12B)
[0215/113256.533:ERROR:process_memory_win.cc(73)] ReadMemory at 0x2d0252cb870 of 132 bytes failed: Only part of a ReadProcessMemory or WriteProcessMemory request was completed. (0x12B)
[0215/113256.533:ERROR:process_memory_win.cc(73)] ReadMemory at 0x2d0252cb9a0 of 132 bytes failed: Only part of a ReadProcessMemory or WriteProcessMemory request was completed. (0x12B)
[0215/113256.533:ERROR:process_memory_win.cc(73)] ReadMemory at 0x2d0252cbad0 of 132 bytes failed: Only part of a ReadProcessMemory or WriteProcessMemory request was completed. (0x12B)
[0215/113256.534:ERROR:process_memory_win.cc(73)] ReadMemory at 0x2d0252cbd30 of 132 bytes failed: Only part of a ReadProcessMemory or WriteProcessMemory request was completed. (0x12B)
[0215/113256.534:ERROR:process_memory_win.cc(73)] ReadMemory at 0x2d0252cbe60 of 132 bytes failed: Only part of a ReadProcessMemory or WriteProcessMemory request was completed. (0x12B)
[0215/113256.534:ERROR:process_memory_win.cc(73)] ReadMemory at 0x2d0252cbf90 of 132 bytes failed: Only part of a ReadProcessMemory or WriteProcessMemory request was completed. (0x12B)
[0215/113256.534:ERROR:process_memory_win.cc(73)] ReadMemory at 0x2d0252cc0c0 of 132 bytes failed: Only part of a ReadProcessMemory or WriteProcessMemory request was completed. (0x12B)
[0215/113256.534:ERROR:process_memory_win.cc(73)] ReadMemory at 0x2d0252cc1f0 of 132 bytes failed: Only part of a ReadProcessMemory or WriteProcessMemory request was completed. (0x12B)
[0215/113256.534:ERROR:process_memory_win.cc(73)] ReadMemory at 0x2d0252cc320 of 132 bytes failed: Only part of a ReadProcessMemory or WriteProcessMemory request was completed. (0x12B)
[0215/113256.534:ERROR:process_memory_win.cc(73)] ReadMemory at 0x2d0252cc450 of 132 bytes failed: Only part of a ReadProcessMemory or WriteProcessMemory request was completed. (0x12B)
[0215/113256.534:ERROR:process_memory_win.cc(73)] ReadMemory at 0x2d0252ccb00 of 78 bytes failed: Only part of a ReadProcessMemory or WriteProcessMemory request was completed. (0x12B)
[0215/113256.534:ERROR:process_memory_win.cc(73)] ReadMemory at 0x2d0252cd340 of 76 bytes failed: Only part of a ReadProcessMemory or WriteProcessMemory request was completed. (0x12B)
[0215/113256.534:ERROR:process_memory_win.cc(73)] ReadMemory at 0x2d0252ce520 of 54 bytes failed: Only part of a ReadProcessMemory or WriteProcessMemory request was completed. (0x12B)
[0215/113256.534:ERROR:process_memory_win.cc(73)] ReadMemory at 0x2d0252cee30 of 132 bytes failed: Only part of a ReadProcessMemory or WriteProcessMemory request was completed. (0x12B)
[0215/113256.534:ERROR:process_memory_win.cc(73)] ReadMemory at 0x2d0252cf570 of 132 bytes failed: Only part of a ReadProcessMemory or WriteProcessMemory request was completed. (0x12B)
[0215/113256.534:ERROR:process_memory_win.cc(73)] ReadMemory at 0x2d0252d0320 of 132 bytes failed: Only part of a ReadProcessMemory or WriteProcessMemory request was completed. (0x12B)
[0215/113256.534:ERROR:process_memory_win.cc(73)] ReadMemory at 0x2d0252d0450 of 132 bytes failed: Only part of a ReadProcessMemory or WriteProcessMemory request was completed. (0x12B)
[0215/113256.534:ERROR:process_memory_win.cc(73)] ReadMemory at 0x2d0252d4920 of 132 bytes failed: Only part of a ReadProcessMemory or WriteProcessMemory request was completed. (0x12B)
[0215/113256.534:ERROR:process_memory_win.cc(73)] ReadMemory at 0x2d0252d4f40 of 60 bytes failed: Only part of a ReadProcessMemory or WriteProcessMemory request was completed. (0x12B)
[0215/113256.534:ERROR:process_memory_win.cc(73)] ReadMemory at 0x2d0252d4f90 of 60 bytes failed: Only part of a ReadProcessMemory or WriteProcessMemory request was completed. (0x12B)
[0215/113256.534:ERROR:process_memory_win.cc(73)] ReadMemory at 0x2d0252d4fe0 of 60 bytes failed: Only part of a ReadProcessMemory or WriteProcessMemory request was completed. (0x12B)
[0215/113256.535:ERROR:process_memory_win.cc(73)] ReadMemory at 0x2d0252d5080 of 64 bytes failed: Only part of a ReadProcessMemory or WriteProcessMemory request was completed. (0x12B)
[0215/113256.535:ERROR:process_memory_win.cc(73)] ReadMemory at 0x2d0252d5120 of 66 bytes failed: Only part of a ReadProcessMemory or WriteProcessMemory request was completed. (0x12B)
[0215/113256.535:ERROR:process_memory_win.cc(73)] ReadMemory at 0x2d0252d5170 of 64 bytes failed: Only part of a ReadProcessMemory or WriteProcessMemory request was completed. (0x12B)
[0215/113256.535:ERROR:process_memory_win.cc(73)] ReadMemory at 0x2d0252d51c0 of 64 bytes failed: Only part of a ReadProcessMemory or WriteProcessMemory request was completed. (0x12B)
[0215/113256.535:ERROR:process_memory_win.cc(73)] ReadMemory at 0x2d0252d5210 of 62 bytes failed: Only part of a ReadProcessMemory or WriteProcessMemory request was completed. (0x12B)
[0215/113256.535:ERROR:process_memory_win.cc(73)] ReadMemory at 0x2d0252d5260 of 62 bytes failed: Only part of a ReadProcessMemory or WriteProcessMemory request was completed. (0x12B)
[0215/113256.535:ERROR:process_memory_win.cc(73)] ReadMemory at 0x2d0252d5300 of 62 bytes failed: Only part of a ReadProcessMemory or WriteProcessMemory request was completed. (0x12B)
[0215/113256.535:ERROR:process_memory_win.cc(73)] ReadMemory at 0x2d0252d5350 of 62 bytes failed: Only part of a ReadProcessMemory or WriteProcessMemory request was completed. (0x12B)
[0215/113256.535:ERROR:process_memory_win.cc(73)] ReadMemory at 0x2d0252d53f0 of 58 bytes failed: Only part of a ReadProcessMemory or WriteProcessMemory request was completed. (0x12B)
[0215/113256.535:ERROR:process_memory_win.cc(73)] ReadMemory at 0x2d0252d5440 of 64 bytes failed: Only part of a ReadProcessMemory or WriteProcessMemory request was completed. (0x12B)
[0215/113256.535:ERROR:process_memory_win.cc(73)] ReadMemory at 0x2d0252d5940 of 62 bytes failed: Only part of a ReadProcessMemory or WriteProcessMemory request was completed. (0x12B)
[0215/113256.535:ERROR:process_memory_win.cc(73)] ReadMemory at 0x2d0252d5990 of 62 bytes failed: Only part of a ReadProcessMemory or WriteProcessMemory request was completed. (0x12B)
[0215/113256.535:ERROR:process_memory_win.cc(73)] ReadMemory at 0x2d0252d5a30 of 62 bytes failed: Only part of a ReadProcessMemory or WriteProcessMemory request was completed. (0x12B)
[0215/113256.535:ERROR:process_memory_win.cc(73)] ReadMemory at 0x2d0252d5b20 of 62 bytes failed: Only part of a ReadProcessMemory or WriteProcessMemory request was completed. (0x12B)
[0215/113256.535:ERROR:process_memory_win.cc(73)] ReadMemory at 0x2d0252d5b70 of 64 bytes failed: Only part of a ReadProcessMemory or WriteProcessMemory request was completed. (0x12B)
[0215/113256.535:ERROR:process_memory_win.cc(73)] ReadMemory at 0x2d0252d5c10 of 58 bytes failed: Only part of a ReadProcessMemory or WriteProcessMemory request was completed. (0x12B)
[0215/113256.535:ERROR:process_memory_win.cc(73)] ReadMemory at 0x2d0252d5cb0 of 62 bytes failed: Only part of a ReadProcessMemory or WriteProcessMemory request was completed. (0x12B)
[0215/113256.535:ERROR:process_memory_win.cc(73)] ReadMemory at 0x2d0252d5da0 of 60 bytes failed: Only part of a ReadProcessMemory or WriteProcessMemory request was completed. (0x12B)
[0215/113256.536:ERROR:process_memory_win.cc(73)] ReadMemory at 0x2d0252d74b0 of 132 bytes failed: Only part of a ReadProcessMemory or WriteProcessMemory request was completed. (0x12B)
[0215/113256.536:ERROR:process_memory_win.cc(73)] ReadMemory at 0x2d0252d75e0 of 132 bytes failed: Only part of a ReadProcessMemory or WriteProcessMemory request was completed. (0x12B)
[0215/113256.536:ERROR:process_memory_win.cc(73)] ReadMemory at 0x2d0252d7710 of 132 bytes failed: Only part of a ReadProcessMemory or WriteProcessMemory request was completed. (0x12B)
[0215/113256.536:ERROR:process_memory_win.cc(73)] ReadMemory at 0x2d0252d7840 of 132 bytes failed: Only part of a ReadProcessMemory or WriteProcessMemory request was completed. (0x12B)
[0215/113256.536:ERROR:process_memory_win.cc(73)] ReadMemory at 0x2d0252d7970 of 132 bytes failed: Only part of a ReadProcessMemory or WriteProcessMemory request was completed. (0x12B)
[0215/113256.536:ERROR:process_memory_win.cc(73)] ReadMemory at 0x2d0252d7aa0 of 132 bytes failed: Only part of a ReadProcessMemory or WriteProcessMemory request was completed. (0x12B)
[0215/113256.536:ERROR:process_memory_win.cc(73)] ReadMemory at 0x2d0252d7bd0 of 132 bytes failed: Only part of a ReadProcessMemory or WriteProcessMemory request was completed. (0x12B)
[0215/113256.536:ERROR:process_memory_win.cc(73)] ReadMemory at 0x2d0252d7d00 of 132 bytes failed: Only part of a ReadProcessMemory or WriteProcessMemory request was completed. (0x12B)
[0215/113256.536:ERROR:process_memory_win.cc(73)] ReadMemory at 0x2d0252d8090 of 132 bytes failed: Only part of a ReadProcessMemory or WriteProcessMemory request was completed. (0x12B)
[0215/113256.536:ERROR:process_memory_win.cc(73)] ReadMemory at 0x2d0252d81c0 of 132 bytes failed: Only part of a ReadProcessMemory or WriteProcessMemory request was completed. (0x12B)
[0215/113256.536:ERROR:process_memory_win.cc(73)] ReadMemory at 0x2d0252d82f0 of 132 bytes failed: Only part of a ReadProcessMemory or WriteProcessMemory request was completed. (0x12B)
[0215/113256.536:ERROR:process_memory_win.cc(73)] ReadMemory at 0x2d0252d8420 of 132 bytes failed: Only part of a ReadProcessMemory or WriteProcessMemory request was completed. (0x12B)
[0215/113256.536:ERROR:process_memory_win.cc(73)] ReadMemory at 0x2d0252d8550 of 132 bytes failed: Only part of a ReadProcessMemory or WriteProcessMemory request was completed. (0x12B)
[0215/113256.536:ERROR:process_memory_win.cc(73)] ReadMemory at 0x2d0252d8680 of 132 bytes failed: Only part of a ReadProcessMemory or WriteProcessMemory request was completed. (0x12B)
[0215/113256.536:ERROR:process_memory_win.cc(73)] ReadMemory at 0x2d0252d8c70 of 132 bytes failed: Only part of a ReadProcessMemory or WriteProcessMemory request was completed. (0x12B)
[0215/113256.536:ERROR:process_memory_win.cc(73)] ReadMemory at 0x2d0252d8da0 of 132 bytes failed: Only part of a ReadProcessMemory or WriteProcessMemory request was completed. (0x12B)
[0215/113256.536:ERROR:process_memory_win.cc(73)] ReadMemory at 0x2d0252d8ed0 of 132 bytes failed: Only part of a ReadProcessMemory or WriteProcessMemory request was completed. (0x12B)
[0215/113256.536:ERROR:process_memory_win.cc(73)] ReadMemory at 0x2d0252d9000 of 132 bytes failed: Only part of a ReadProcessMemory or WriteProcessMemory request was completed. (0x12B)
[0215/113256.536:ERROR:process_memory_win.cc(73)] ReadMemory at 0x2d0252d9130 of 132 bytes failed: Only part of a ReadProcessMemory or WriteProcessMemory request was completed. (0x12B)
[0215/113256.537:ERROR:process_memory_win.cc(73)] ReadMemory at 0x2d0252d9260 of 132 bytes failed: Only part of a ReadProcessMemory or WriteProcessMemory request was completed. (0x12B)
[0215/113256.537:ERROR:process_memory_win.cc(73)] ReadMemory at 0x2d0252e9770 of 66 bytes failed: Only part of a ReadProcessMemory or WriteProcessMemory request was completed. (0x12B)
[0215/113256.537:ERROR:process_memory_win.cc(73)] ReadMemory at 0x2d0252e98b0 of 58 bytes failed: Only part of a ReadProcessMemory or WriteProcessMemory request was completed. (0x12B)
[0215/113256.537:ERROR:process_memory_win.cc(73)] ReadMemory at 0x2d0252e99f0 of 58 bytes failed: Only part of a ReadProcessMemory or WriteProcessMemory request was completed. (0x12B)
[0215/113256.537:ERROR:process_memory_win.cc(73)] ReadMemory at 0x2d0252e9ae0 of 60 bytes failed: Only part of a ReadProcessMemory or WriteProcessMemory request was completed. (0x12B)
[0215/113256.537:ERROR:process_memory_win.cc(73)] ReadMemory at 0x2d0252ea210 of 62 bytes failed: Only part of a ReadProcessMemory or WriteProcessMemory request was completed. (0x12B)
[0215/113256.537:ERROR:process_memory_win.cc(73)] ReadMemory at 0x2d0252ea3f0 of 62 bytes failed: Only part of a ReadProcessMemory or WriteProcessMemory request was completed. (0x12B)
[0215/113256.537:ERROR:process_memory_win.cc(73)] ReadMemory at 0x2d0252ea490 of 60 bytes failed: Only part of a ReadProcessMemory or WriteProcessMemory request was completed. (0x12B)
[0215/113256.537:ERROR:process_memory_win.cc(73)] ReadMemory at 0x2d0252f4240 of 512 bytes failed: Only part of a ReadProcessMemory or WriteProcessMemory request was completed. (0x12B)
[0215/113256.537:ERROR:process_memory_win.cc(73)] ReadMemory at 0x2d0252f56c0 of 512 bytes failed: Only part of a ReadProcessMemory or WriteProcessMemory request was completed. (0x12B)
[0215/113256.537:ERROR:process_memory_win.cc(73)] ReadMemory at 0x2d0252f5ba0 of 752 bytes failed: Only part of a ReadProcessMemory or WriteProcessMemory request was completed. (0x12B)
[0215/113256.537:ERROR:process_memory_win.cc(73)] ReadMemory at 0x2d0255f0d00 of 512 bytes failed: Only part of a ReadProcessMemory or WriteProcessMemory request was completed. (0x12B)
[0215/113256.538:ERROR:process_memory_win.cc(73)] ReadMemory at 0x2d025820000 of 384 bytes failed: Only part of a ReadProcessMemory or WriteProcessMemory request was completed. (0x12B)
[0215/113256.538:ERROR:process_memory_win.cc(73)] ReadMemory at 0x2d025838b70 of 512 bytes failed: Only part of a ReadProcessMemory or WriteProcessMemory request was completed. (0x12B)
[0215/113256.538:ERROR:process_memory_win.cc(73)] ReadMemory at 0x2d025839050 of 512 bytes failed: Only part of a ReadProcessMemory or WriteProcessMemory request was completed. (0x12B)
[0215/113256.538:ERROR:process_memory_win.cc(73)] ReadMemory at 0x2d02584cbe0 of 512 bytes failed: Only part of a ReadProcessMemory or WriteProcessMemory request was completed. (0x12B)
[0215/113256.538:ERROR:process_memory_win.cc(73)] ReadMemory at 0x2d0258753c8 of 536 bytes failed: Only part of a ReadProcessMemory or WriteProcessMemory request was completed. (0x12B)
[0215/113256.538:ERROR:process_memory_win.cc(73)] ReadMemory at 0x2d025883e70 of 712 bytes failed: Only part of a ReadProcessMemory or WriteProcessMemory request was completed. (0x12B)
[0215/113256.538:ERROR:process_memory_win.cc(73)] ReadMemory at 0x2d025914000 of 512 bytes failed: Only part of a ReadProcessMemory or WriteProcessMemory request was completed. (0x12B)
[0215/113256.538:ERROR:process_memory_win.cc(73)] ReadMemory at 0x2d027801068 of 800 bytes failed: Only part of a ReadProcessMemory or WriteProcessMemory request was completed. (0x12B)
[0215/113256.538:ERROR:process_memory_win.cc(73)] ReadMemory at 0x2d027802418 of 512 bytes failed: Only part of a ReadProcessMemory or WriteProcessMemory request was completed. (0x12B)
[0215/113256.538:ERROR:process_memory_win.cc(73)] ReadMemory at 0x2d027831430 of 512 bytes failed: Only part of a ReadProcessMemory or WriteProcessMemory request was completed. (0x12B)
[0215/113256.538:ERROR:process_memory_win.cc(73)] ReadMemory at 0x2d0278b19e0 of 512 bytes failed: Only part of a ReadProcessMemory or WriteProcessMemory request was completed. (0x12B)
[0215/113256.538:ERROR:process_memory_win.cc(73)] ReadMemory at 0x2d0278d0630 of 512 bytes failed: Only part of a ReadProcessMemory or WriteProcessMemory request was completed. (0x12B)
[0215/113256.538:ERROR:process_memory_win.cc(73)] ReadMemory at 0x2d0278d5bd0 of 512 bytes failed: Only part of a ReadProcessMemory or WriteProcessMemory request was completed. (0x12B)
[0215/113256.538:ERROR:process_memory_win.cc(73)] ReadMemory at 0x2d0279699e0 of 512 bytes failed: Only part of a ReadProcessMemory or WriteProcessMemory request was completed. (0x12B)
[0215/113256.538:ERROR:process_memory_win.cc(73)] ReadMemory at 0x2d0279a1860 of 512 bytes failed: Only part of a ReadProcessMemory or WriteProcessMemory request was completed. (0x12B)
[0215/113256.538:ERROR:process_memory_win.cc(73)] ReadMemory at 0x2d0280b7070 of 512 bytes failed: Only part of a ReadProcessMemory or WriteProcessMemory request was completed. (0x12B)
[0215/113256.538:ERROR:process_memory_win.cc(73)] ReadMemory at 0x2d0297a5fe8 of 512 bytes failed: Only part of a ReadProcessMemory or WriteProcessMemory request was completed. (0x12B)
[0215/113256.538:ERROR:process_memory_win.cc(73)] ReadMemory at 0x22ff42727f80 of 128 bytes failed: Only part of a ReadProcessMemory or WriteProcessMemory request was completed. (0x12B)
[0215/113256.538:ERROR:process_memory_win.cc(73)] ReadMemory at 0x24d72bf4f7e0 of 512 bytes failed: Only part of a ReadProcessMemory or WriteProcessMemory request was completed. (0x12B)
[0215/113256.538:ERROR:process_memory_win.cc(73)] ReadMemory at 0x4d95c17fc350 of 512 bytes failed: Only part of a ReadProcessMemory or WriteProcessMemory request was completed. (0x12B)
[0215/113256.538:ERROR:process_memory_win.cc(73)] ReadMemory at 0x7ffb92a7e558 of 512 bytes failed: Only part of a ReadProcessMemory or WriteProcessMemory request was completed. (0x12B)
[0215/113256.538:ERROR:process_memory_win.cc(73)] ReadMemory at 0x7ffb944a2ea5 of 512 bytes failed: Only part of a ReadProcessMemory or WriteProcessMemory request was completed. (0x12B)
[0215/113256.539:ERROR:process_memory_win.cc(73)] ReadMemory at 0x7ffb944cf0ec of 512 bytes failed: Only part of a ReadProcessMemory or WriteProcessMemory request was completed. (0x12B)
[0215/113256.539:ERROR:process_memory_win.cc(73)] ReadMemory at 0x7ffb96e226a8 of 512 bytes failed: Only part of a ReadProcessMemory or WriteProcessMemory request was completed. (0x12B)
[0215/113256.539:ERROR:process_memory_win.cc(73)] ReadMemory at 0x7ffb970ddb1a of 512 bytes failed: Only part of a ReadProcessMemory or WriteProcessMemory request was completed. (0x12B)
[0215/113256.539:ERROR:process_memory_win.cc(73)] ReadMemory at 0x7ffb97295e68 of 512 bytes failed: Only part of a ReadProcessMemory or WriteProcessMemory request was completed. (0x12B)
[0215/113256.539:ERROR:process_memory_win.cc(73)] ReadMemory at 0x7ffb97ba0310 of 512 bytes failed: Only part of a ReadProcessMemory or WriteProcessMemory request was completed. (0x12B)
[0215/113256.539:ERROR:process_memory_win.cc(73)] ReadMemory at 0x7ffbf142b6d0 of 512 bytes failed: Only part of a ReadProcessMemory or WriteProcessMemory request was completed. (0x12B)
[0215/113256.539:ERROR:process_memory_win.cc(73)] ReadMemory at 0x7ffbf413c0c4 of 864 bytes failed: Only part of a ReadProcessMemory or WriteProcessMemory request was completed. (0x12B)
[0215/113256.539:ERROR:process_memory_win.cc(73)] ReadMemory at 0x7ffbf413c6c4 of 512 bytes failed: Only part of a ReadProcessMemory or WriteProcessMemory request was completed. (0x12B)
[0215/113256.539:ERROR:process_memory_win.cc(73)] ReadMemory at 0x7ffbf413f974 of 608 bytes failed: Only part of a ReadProcessMemory or WriteProcessMemory request was completed. (0x12B)
[0215/113256.539:ERROR:process_memory_win.cc(73)] ReadMemory at 0x7ffbf41cc428 of 18 bytes failed: Only part of a ReadProcessMemory or WriteProcessMemory request was completed. (0x12B)
[0215/113256.539:ERROR:process_memory_win.cc(73)] ReadMemory at 0x7ffbf41ff4f8 of 40 bytes failed: Only part of a ReadProcessMemory or WriteProcessMemory request was completed. (0x12B)
[0215/113256.539:ERROR:process_memory_win.cc(73)] ReadMemory at 0x7ffbf41ff978 of 48 bytes failed: Only part of a ReadProcessMemory or WriteProcessMemory request was completed. (0x12B)
[0215/113256.539:ERROR:process_memory_win.cc(73)] ReadMemory at 0x7ffbf42053c0 of 64 bytes failed: Only part of a ReadProcessMemory or WriteProcessMemory request was completed. (0x12B)
[0215/113256.540:ERROR:scoped_process_suspend.cc(40)] NtResumeProcess: An attempt was made to access an exiting process. (0xc000010a)
